# JRE version: Java(TM) SE Runtime Environment (11.0.3+12) (build 11.0.3+12-LTS)
# Java VM: Java HotSpot(TM) 64-Bit Server VM (11.0.3+12-LTS, mixed mode, tiered, compressed oops, g1 gc, windows-amd64)
Heap:
 garbage-first heap   total 63488K, used 17099K [0x00000000c2400000, 0x0000000100000000)
  region size 1024K, 11 young (11264K), 3 survivors (3072K)
 Metaspace       used 24188K, capacity 24796K, committed 25088K, reserved 1071104K
  class space    used 2699K, capacity 2968K, committed 3072K, reserved 1048576K
GC Heap History (6 events):
Event: 3.946 GC heap before
{Heap before GC invocations=0 (full 0):
 garbage-first heap   total 63488K, used 14336K [0x00000000c2400000, 0x0000000100000000)
  region size 1024K, 14 young (14336K), 0 survivors (0K)
 Metaspace       used 13967K, capacity 14397K, committed 14592K, reserved 1062912K
  class space    used 1495K, capacity 1677K, committed 1792K, reserved 1048576K
}
Event: 3.961 GC heap after
{Heap after GC invocations=1 (full 0):
 garbage-first heap   total 63488K, used 2984K [0x00000000c2400000, 0x0000000100000000)
  region size 1024K, 2 young (2048K), 2 survivors (2048K)
 Metaspace       used 13967K, capacity 14397K, committed 14592K, reserved 1062912K
  class space    used 1495K, capacity 1677K, committed 1792K, reserved 1048576K
}
Event: 12.564 GC heap before
{Heap before GC invocations=1 (full 0):
 garbage-first heap   total 63488K, used 13224K [0x00000000c2400000, 0x0000000100000000)
  region size 1024K, 8 young (8192K), 2 survivors (2048K)
 Metaspace       used 16013K, capacity 16481K, committed 16640K, reserved 1064960K
  class space    used 1719K, capacity 1924K, committed 2048K, reserved 1048576K
}
Event: 12.573 GC heap after
{Heap after GC invocations=2 (full 0):
 garbage-first heap   total 63488K, used 7767K [0x00000000c2400000, 0x0000000100000000)
  region size 1024K, 1 young (1024K), 1 survivors (1024K)
 Metaspace       used 16013K, capacity 16481K, committed 16640K, reserved 1064960K
  class space    used 1719K, capacity 1924K, committed 2048K, reserved 1048576K
}
Event: 13.250 GC heap before
{Heap before GC invocations=2 (full 0):
 garbage-first heap   total 63488K, used 16983K [0x00000000c2400000, 0x0000000100000000)
  region size 1024K, 11 young (11264K), 1 survivors (1024K)
 Metaspace       used 20685K, capacity 21154K, committed 21296K, reserved 1069056K
  class space    used 2231K, capacity 2461K, committed 2560K, reserved 1048576K
}
Event: 13.256 GC heap after
{Heap after GC invocations=3 (full 0):
 garbage-first heap   total 63488K, used 9931K [0x00000000c2400000, 0x0000000100000000)
  region size 1024K, 3 young (3072K), 3 survivors (3072K)
 Metaspace       used 20685K, capacity 21154K, committed 21296K, reserved 1069056K
  class space    used 2231K, capacity 2461K, committed 2560K, reserved 1048576K
}

